  acmod.c
C:\Users\tanwe\OneDrive\Desktop\Aurora_Studio\Aurora_Engine\Sphinx\pocketsphinx\src\libpocketsphinx\acmod.c(188,76): warning C4244: '=': conversion from 'double' to 'mfcc_t', possible loss of data
C:\Users\tanwe\OneDrive\Desktop\Aurora_Studio\Aurora_Engine\Sphinx\pocketsphinx\src\libpocketsphinx\acmod.c(193,76): warning C4244: '=': conversion from 'double' to 'mfcc_t', possible loss of data
C:\Users\tanwe\OneDrive\Desktop\Aurora_Studio\Aurora_Engine\Sphinx\pocketsphinx\src\libpocketsphinx\acmod.c(562,38): warning C4267: '+=': conversion from 'size_t' to 'int32', possible loss of data
C:\Users\tanwe\OneDrive\Desktop\Aurora_Studio\Aurora_Engine\Sphinx\pocketsphinx\src\libpocketsphinx\acmod.c(662,59): warning C4244: '=': conversion from '__int64' to 'int32', possible loss of data
C:\Users\tanwe\OneDrive\Desktop\Aurora_Studio\Aurora_Engine\Sphinx\pocketsphinx\src\libpocketsphinx\acmod.c(699,51): warning C4244: '=': conversion from '__int64' to 'int32', possible loss of data
  allphone_search.c
C:\Users\tanwe\OneDrive\Desktop\Aurora_Studio\Aurora_Engine\Sphinx\pocketsphinx\src\libpocketsphinx\allphone_search.c(545,49): warning C4244: '=': conversion from 'float32' to 'int32', possible loss of data
C:\Users\tanwe\OneDrive\Desktop\Aurora_Studio\Aurora_Engine\Sphinx\pocketsphinx\src\libpocketsphinx\allphone_search.c(604,63): warning C4244: '=': conversion from 'double' to 'float32', possible loss of data
  bin_mdef.c
C:\Users\tanwe\OneDrive\Desktop\Aurora_Studio\Aurora_Engine\Sphinx\pocketsphinx\src\libpocketsphinx\bin_mdef.c(123,52): warning C4267: '+=': conversion from 'size_t' to 'int', possible loss of data
C:\Users\tanwe\OneDrive\Desktop\Aurora_Studio\Aurora_Engine\Sphinx\pocketsphinx\src\libpocketsphinx\bin_mdef.c(148,63): warning C4244: '=': conversion from 'int16' to 'uint8', possible loss of data
C:\Users\tanwe\OneDrive\Desktop\Aurora_Studio\Aurora_Engine\Sphinx\pocketsphinx\src\libpocketsphinx\bin_mdef.c(149,63): warning C4244: '=': conversion from 'int16' to 'uint8', possible loss of data
C:\Users\tanwe\OneDrive\Desktop\Aurora_Studio\Aurora_Engine\Sphinx\pocketsphinx\src\libpocketsphinx\bin_mdef.c(150,63): warning C4244: '=': conversion from 'int16' to 'uint8', possible loss of data
  blkarray_list.c
  dict.c
C:\Users\tanwe\OneDrive\Desktop\Aurora_Studio\Aurora_Engine\Sphinx\pocketsphinx\src\libpocketsphinx\dict.c(125,9): warning C4312: 'type cast': conversion from 'long' to 'void *' of greater size
C:\Users\tanwe\OneDrive\Desktop\Aurora_Studio\Aurora_Engine\Sphinx\pocketsphinx\src\libpocketsphinx\dict.c(125,9): warning C4311: 'type cast': pointer truncation from 'void *' to 'long'
C:\Users\tanwe\OneDrive\Desktop\Aurora_Studio\Aurora_Engine\Sphinx\pocketsphinx\src\libpocketsphinx\dict.c(236,62): warning C4267: '+=': conversion from 'size_t' to 'int', possible loss of data
C:\Users\tanwe\OneDrive\Desktop\Aurora_Studio\Aurora_Engine\Sphinx\pocketsphinx\src\libpocketsphinx\dict.c(446,23): warning C4267: '=': conversion from 'size_t' to 'int32', possible loss of data
  dict2pid.c
  fsg_history.c
  fsg_lextree.c
  fsg_search.c
C:\Users\tanwe\OneDrive\Desktop\Aurora_Studio\Aurora_Engine\Sphinx\pocketsphinx\src\libpocketsphinx\fsg_search.c(214,47): warning C4244: '=': conversion from 'float32' to 'int32', possible loss of data
C:\Users\tanwe\OneDrive\Desktop\Aurora_Studio\Aurora_Engine\Sphinx\pocketsphinx\src\libpocketsphinx\fsg_search.c(223,61): warning C4244: '=': conversion from 'double' to 'float32', possible loss of data
  hmm.c
  kws_detections.c
C:\Users\tanwe\OneDrive\Desktop\Aurora_Studio\Aurora_Engine\Sphinx\pocketsphinx\src\libpocketsphinx\kws_detections.c(95,39): warning C4267: '+=': conversion from 'size_t' to 'int', possible loss of data
  kws_search.c
C:\Users\tanwe\OneDrive\Desktop\Aurora_Studio\Aurora_Engine\Sphinx\pocketsphinx\src\libpocketsphinx\kws_search.c(655,48): warning C4267: '+=': conversion from 'size_t' to 'int', possible loss of data
C:\Users\tanwe\OneDrive\Desktop\Aurora_Studio\Aurora_Engine\Sphinx\pocketsphinx\src\libpocketsphinx\kws_search.c(663,33): warning C4267: '+=': conversion from 'size_t' to 'int', possible loss of data
  mdef.c
C:\Users\tanwe\OneDrive\Desktop\Aurora_Studio\Aurora_Engine\Sphinx\pocketsphinx\src\libpocketsphinx\mdef.c(108,41): warning C4312: 'type cast': conversion from 'long' to 'void *' of greater size
C:\Users\tanwe\OneDrive\Desktop\Aurora_Studio\Aurora_Engine\Sphinx\pocketsphinx\src\libpocketsphinx\mdef.c(108,61): warning C4312: 'type cast': conversion from 'long' to 'void *' of greater size
C:\Users\tanwe\OneDrive\Desktop\Aurora_Studio\Aurora_Engine\Sphinx\pocketsphinx\src\libpocketsphinx\mdef.c(363,41): warning C4244: 'function': conversion from '__int64' to 'long', possible loss of data
C:\Users\tanwe\OneDrive\Desktop\Aurora_Studio\Aurora_Engine\Sphinx\pocketsphinx\src\libpocketsphinx\mdef.c(437,41): warning C4244: 'function': conversion from '__int64' to 'long', possible loss of data
C:\Users\tanwe\OneDrive\Desktop\Aurora_Studio\Aurora_Engine\Sphinx\pocketsphinx\src\libpocketsphinx\mdef.c(461,21): warning C4312: 'type cast': conversion from 'long' to 'void *' of greater size
C:\Users\tanwe\OneDrive\Desktop\Aurora_Studio\Aurora_Engine\Sphinx\pocketsphinx\src\libpocketsphinx\mdef.c(461,21): warning C4311: 'type cast': pointer truncation from 'void *' to 'long'
C:\Users\tanwe\OneDrive\Desktop\Aurora_Studio\Aurora_Engine\Sphinx\pocketsphinx\src\libpocketsphinx\mdef.c(475,44): warning C4311: 'type cast': pointer truncation from 'void *' to 'long'
  ms_gauden.c
  ms_mgau.c
C:\Users\tanwe\OneDrive\Desktop\Aurora_Studio\Aurora_Engine\Sphinx\pocketsphinx\src\libpocketsphinx\ms_mgau.c(133,21): warning C4018: '>': signed/unsigned mismatch
C:\Users\tanwe\OneDrive\Desktop\Aurora_Studio\Aurora_Engine\Sphinx\pocketsphinx\src\libpocketsphinx\ms_mgau.c(136,21): warning C4018: '<': signed/unsigned mismatch
C:\Users\tanwe\OneDrive\Desktop\Aurora_Studio\Aurora_Engine\Sphinx\pocketsphinx\src\libpocketsphinx\ms_mgau.c(216,16): warning C4018: '<': signed/unsigned mismatch
C:\Users\tanwe\OneDrive\Desktop\Aurora_Studio\Aurora_Engine\Sphinx\pocketsphinx\src\libpocketsphinx\ms_mgau.c(224,16): warning C4018: '<': signed/unsigned mismatch
  ms_senone.c
C:\Users\tanwe\OneDrive\Desktop\Aurora_Studio\Aurora_Engine\Sphinx\pocketsphinx\src\libpocketsphinx\ms_senone.c(118,23): warning C4018: '<': signed/unsigned mismatch
C:\Users\tanwe\OneDrive\Desktop\Aurora_Studio\Aurora_Engine\Sphinx\pocketsphinx\src\libpocketsphinx\ms_senone.c(224,19): warning C4018: '<': signed/unsigned mismatch
C:\Users\tanwe\OneDrive\Desktop\Aurora_Studio\Aurora_Engine\Sphinx\pocketsphinx\src\libpocketsphinx\ms_senone.c(225,23): warning C4018: '<': signed/unsigned mismatch
C:\Users\tanwe\OneDrive\Desktop\Aurora_Studio\Aurora_Engine\Sphinx\pocketsphinx\src\libpocketsphinx\ms_senone.c(240,27): warning C4018: '<': signed/unsigned mismatch
C:\Users\tanwe\OneDrive\Desktop\Aurora_Studio\Aurora_Engine\Sphinx\pocketsphinx\src\libpocketsphinx\ms_senone.c(314,23): warning C4018: '<': signed/unsigned mismatch
C:\Users\tanwe\OneDrive\Desktop\Aurora_Studio\Aurora_Engine\Sphinx\pocketsphinx\src\libpocketsphinx\ms_senone.c(325,23): warning C4018: '<': signed/unsigned mismatch
C:\Users\tanwe\OneDrive\Desktop\Aurora_Studio\Aurora_Engine\Sphinx\pocketsphinx\src\libpocketsphinx\ms_senone.c(376,19): warning C4018: '<': signed/unsigned mismatch
  ngram_search.c
C:\Users\tanwe\OneDrive\Desktop\Aurora_Studio\Aurora_Engine\Sphinx\pocketsphinx\src\libpocketsphinx\ngram_search.c(93,19): warning C4090: 'function': different 'const' qualifiers
C:\Users\tanwe\OneDrive\Desktop\Aurora_Studio\Aurora_Engine\Sphinx\pocketsphinx\src\libpocketsphinx\ngram_search.c(136,60): warning C4244: '=': conversion from 'double' to 'float32', possible loss of data
C:\Users\tanwe\OneDrive\Desktop\Aurora_Studio\Aurora_Engine\Sphinx\pocketsphinx\src\libpocketsphinx\ngram_search.c(724,36): warning C4244: '=': conversion from 'float32' to 'int32', possible loss of data
C:\Users\tanwe\OneDrive\Desktop\Aurora_Studio\Aurora_Engine\Sphinx\pocketsphinx\src\libpocketsphinx\ngram_search.c(1044,74): warning C4244: 'function': conversion from 'double' to 'float32', possible loss of data
C:\Users\tanwe\OneDrive\Desktop\Aurora_Studio\Aurora_Engine\Sphinx\pocketsphinx\src\libpocketsphinx\ngram_search.c(1189,28): warning C4244: '=': conversion from 'float32' to 'int32', possible loss of data
C:\Users\tanwe\OneDrive\Desktop\Aurora_Studio\Aurora_Engine\Sphinx\pocketsphinx\src\libpocketsphinx\ngram_search.c(1245,61): warning C4244: '=': conversion from 'double' to 'float', possible loss of data
  ngram_search_fwdflat.c
C:\Users\tanwe\OneDrive\Desktop\Aurora_Studio\Aurora_Engine\Sphinx\pocketsphinx\src\libpocketsphinx\ngram_search_fwdflat.c(709,60): warning C4244: '+=': conversion from 'float32' to 'int32', possible loss of data
  ngram_search_fwdtree.c
  phone_loop_search.c
C:\Users\tanwe\OneDrive\Desktop\Aurora_Studio\Aurora_Engine\Sphinx\pocketsphinx\src\libpocketsphinx\phone_loop_search.c(230,105): warning C4244: '=': conversion from 'float64' to 'int32', possible loss of data
  Generating Code...
  Compiling...
  pocketsphinx.c
C:\Users\tanwe\OneDrive\Desktop\Aurora_Studio\Aurora_Engine\Sphinx\pocketsphinx\src\libpocketsphinx\pocketsphinx.c(321,45): warning C4244: '=': conversion from 'float32' to 'int32', possible loss of data
C:\Users\tanwe\OneDrive\Desktop\Aurora_Studio\Aurora_Engine\Sphinx\pocketsphinx\src\libpocketsphinx\pocketsphinx.c(341,66): warning C4244: 'function': conversion from 'int32' to 'float32', possible loss of data
C:\Users\tanwe\OneDrive\Desktop\Aurora_Studio\Aurora_Engine\Sphinx\pocketsphinx\src\libpocketsphinx\pocketsphinx.c(895,60): warning C4267: '+=': conversion from 'size_t' to 'int32', possible loss of data
C:\Users\tanwe\OneDrive\Desktop\Aurora_Studio\Aurora_Engine\Sphinx\pocketsphinx\src\libpocketsphinx\pocketsphinx.c(919,60): warning C4267: '=': conversion from 'size_t' to 'long', possible loss of data
C:\Users\tanwe\OneDrive\Desktop\Aurora_Studio\Aurora_Engine\Sphinx\pocketsphinx\src\libpocketsphinx\pocketsphinx.c(929,60): warning C4267: '=': conversion from 'size_t' to 'long', possible loss of data
C:\Users\tanwe\OneDrive\Desktop\Aurora_Studio\Aurora_Engine\Sphinx\pocketsphinx\src\libpocketsphinx\pocketsphinx.c(941,27): warning C4267: '+=': conversion from 'size_t' to 'long', possible loss of data
  ps_lattice.c
C:\Users\tanwe\OneDrive\Desktop\Aurora_Studio\Aurora_Engine\Sphinx\pocketsphinx\src\libpocketsphinx\ps_lattice.c(452,1): warning C4244: 'initializing': conversion from 'float64' to 'float32', possible loss of data
C:\Users\tanwe\OneDrive\Desktop\Aurora_Studio\Aurora_Engine\Sphinx\pocketsphinx\src\libpocketsphinx\ps_lattice.c(1248,93): warning C4244: '+=': conversion from 'float32' to 'int32', possible loss of data
C:\Users\tanwe\OneDrive\Desktop\Aurora_Studio\Aurora_Engine\Sphinx\pocketsphinx\src\libpocketsphinx\ps_lattice.c(1291,61): warning C4244: '+=': conversion from 'float32' to 'int32', possible loss of data
C:\Users\tanwe\OneDrive\Desktop\Aurora_Studio\Aurora_Engine\Sphinx\pocketsphinx\src\libpocketsphinx\ps_lattice.c(1325,100): warning C4244: '+=': conversion from 'float32' to 'int32', possible loss of data
C:\Users\tanwe\OneDrive\Desktop\Aurora_Studio\Aurora_Engine\Sphinx\pocketsphinx\src\libpocketsphinx\ps_lattice.c(1328,108): warning C4244: '+=': conversion from 'float32' to 'int32', possible loss of data
C:\Users\tanwe\OneDrive\Desktop\Aurora_Studio\Aurora_Engine\Sphinx\pocketsphinx\src\libpocketsphinx\ps_lattice.c(1378,72): warning C4244: '+=': conversion from 'float32' to 'int32', possible loss of data
C:\Users\tanwe\OneDrive\Desktop\Aurora_Studio\Aurora_Engine\Sphinx\pocketsphinx\src\libpocketsphinx\ps_lattice.c(1400,60): warning C4244: '=': conversion from 'float32' to 'int32', possible loss of data
C:\Users\tanwe\OneDrive\Desktop\Aurora_Studio\Aurora_Engine\Sphinx\pocketsphinx\src\libpocketsphinx\ps_lattice.c(1437,55): warning C4244: '+=': conversion from 'float32' to 'int32', possible loss of data
C:\Users\tanwe\OneDrive\Desktop\Aurora_Studio\Aurora_Engine\Sphinx\pocketsphinx\src\libpocketsphinx\ps_lattice.c(1507,81): warning C4244: '=': conversion from 'float32' to 'int32', possible loss of data
C:\Users\tanwe\OneDrive\Desktop\Aurora_Studio\Aurora_Engine\Sphinx\pocketsphinx\src\libpocketsphinx\ps_lattice.c(1514,84): warning C4244: 'function': conversion from 'float32' to 'int', possible loss of data
C:\Users\tanwe\OneDrive\Desktop\Aurora_Studio\Aurora_Engine\Sphinx\pocketsphinx\src\libpocketsphinx\ps_lattice.c(1597,35): warning C4244: '+=': conversion from 'float32' to 'int32', possible loss of data
C:\Users\tanwe\OneDrive\Desktop\Aurora_Studio\Aurora_Engine\Sphinx\pocketsphinx\src\libpocketsphinx\ps_lattice.c(1682,40): warning C4244: '+=': conversion from 'float32' to 'int32', possible loss of data
C:\Users\tanwe\OneDrive\Desktop\Aurora_Studio\Aurora_Engine\Sphinx\pocketsphinx\src\libpocketsphinx\ps_lattice.c(1688,40): warning C4244: '+=': conversion from 'float32' to 'int32', possible loss of data
C:\Users\tanwe\OneDrive\Desktop\Aurora_Studio\Aurora_Engine\Sphinx\pocketsphinx\src\libpocketsphinx\ps_lattice.c(1759,84): warning C4244: '=': conversion from 'float32' to 'int32', possible loss of data
  ps_mllr.c
  ptm_mgau.c
C:\Users\tanwe\OneDrive\Desktop\Aurora_Studio\Aurora_Engine\Sphinx\pocketsphinx\src\libpocketsphinx\ptm_mgau.c(841,58): warning C4244: '=': conversion from 'int16' to 'uint8', possible loss of data
  s2_semi_mgau.c
  tmat.c
  vector.c
C:\Users\tanwe\OneDrive\Desktop\Aurora_Studio\Aurora_Engine\Sphinx\pocketsphinx\src\libpocketsphinx\vector.c(102,24): warning C4244: '*=': conversion from 'float64' to 'float32', possible loss of data
  Generating Code...
     Creating library ..\..\bin\Release\x64/pocketsphinx.lib and object ..\..\bin\Release\x64/pocketsphinx.exp
  pocketsphinx.vcxproj -> C:\Users\tanwe\OneDrive\Desktop\Aurora_Studio\Aurora_Engine\Sphinx\pocketsphinx\bin\Release\x64\pocketsphinx.dll
