  ad_win32.c
C:\Users\tanwe\OneDrive\Desktop\Aurora_Studio\Aurora_Engine\Sphinx\sphinxbase\src\libsphinxad\ad_win32.c(222,25): warning C4477: 'fprintf' : format string '%d' requires an argument of type 'int', but variadic argument 1 has type 'size_t'
C:\Users\tanwe\OneDrive\Desktop\Aurora_Studio\Aurora_Engine\Sphinx\sphinxbase\src\libsphinxad\ad_win32.c(222,25): message : consider using '%zd' in the format string
C:\Users\tanwe\OneDrive\Desktop\Aurora_Studio\Aurora_Engine\Sphinx\sphinxbase\src\libsphinxad\ad_win32.c(294,25): warning C4477: 'fprintf' : format string '%d' requires an argument of type 'int', but variadic argument 1 has type 'size_t'
C:\Users\tanwe\OneDrive\Desktop\Aurora_Studio\Aurora_Engine\Sphinx\sphinxbase\src\libsphinxad\ad_win32.c(294,25): message : consider using '%zd' in the format string
C:\Users\tanwe\OneDrive\Desktop\Aurora_Studio\Aurora_Engine\Sphinx\sphinxbase\src\libsphinxad\ad_win32.c(307,25): warning C4477: 'fprintf' : format string '%d' requires an argument of type 'int', but variadic argument 2 has type 'size_t'
C:\Users\tanwe\OneDrive\Desktop\Aurora_Studio\Aurora_Engine\Sphinx\sphinxbase\src\libsphinxad\ad_win32.c(307,25): message : consider using '%zd' in the format string
  agc.c
  cmn.c
  cmn_prior.c
  feat.c
C:\Users\tanwe\OneDrive\Desktop\Aurora_Studio\Aurora_Engine\Sphinx\sphinxbase\src\libsphinxbase\feat\feat.c(900,19): warning C4018: '<': signed/unsigned mismatch
C:\Users\tanwe\OneDrive\Desktop\Aurora_Studio\Aurora_Engine\Sphinx\sphinxbase\src\libsphinxbase\feat\feat.c(903,23): warning C4018: '<': signed/unsigned mismatch
  lda.c
  fe_interface.c
C:\Users\tanwe\OneDrive\Desktop\Aurora_Studio\Aurora_Engine\Sphinx\sphinxbase\src\libsphinxbase\fe\fe_interface.c(418,115): warning C4267: '=': conversion from 'size_t' to 'int32', possible loss of data
C:\Users\tanwe\OneDrive\Desktop\Aurora_Studio\Aurora_Engine\Sphinx\sphinxbase\src\libsphinxbase\fe\fe_interface.c(458,38): warning C4267: '=': conversion from 'size_t' to 'int32', possible loss of data
C:\Users\tanwe\OneDrive\Desktop\Aurora_Studio\Aurora_Engine\Sphinx\sphinxbase\src\libsphinxbase\fe\fe_interface.c(473,52): warning C4267: '+=': conversion from 'size_t' to 'int16', possible loss of data
C:\Users\tanwe\OneDrive\Desktop\Aurora_Studio\Aurora_Engine\Sphinx\sphinxbase\src\libsphinxbase\fe\fe_interface.c(525,108): warning C4267: 'function': conversion from 'size_t' to 'int', possible loss of data
C:\Users\tanwe\OneDrive\Desktop\Aurora_Studio\Aurora_Engine\Sphinx\sphinxbase\src\libsphinxbase\fe\fe_interface.c(532,105): warning C4267: 'function': conversion from 'size_t' to 'int', possible loss of data
C:\Users\tanwe\OneDrive\Desktop\Aurora_Studio\Aurora_Engine\Sphinx\sphinxbase\src\libsphinxbase\fe\fe_interface.c(542,35): warning C4267: '=': conversion from 'size_t' to 'int', possible loss of data
C:\Users\tanwe\OneDrive\Desktop\Aurora_Studio\Aurora_Engine\Sphinx\sphinxbase\src\libsphinxbase\fe\fe_interface.c(548,61): warning C4244: '=': conversion from '__int64' to 'int16', possible loss of data
C:\Users\tanwe\OneDrive\Desktop\Aurora_Studio\Aurora_Engine\Sphinx\sphinxbase\src\libsphinxbase\fe\fe_interface.c(565,61): warning C4267: '=': conversion from 'size_t' to 'int', possible loss of data
C:\Users\tanwe\OneDrive\Desktop\Aurora_Studio\Aurora_Engine\Sphinx\sphinxbase\src\libsphinxbase\fe\fe_interface.c(573,52): warning C4244: '-=': conversion from '__int64' to 'int', possible loss of data
  fe_noise.c
  fe_prespch_buf.c
  fe_sigproc.c
  fe_warp_affine.c
  fe_warp.c
  fe_warp_inverse_linear.c
  fe_warp_piecewise_linear.c
  fixlog.c
  yin.c
  fsg_model.c
C:\Users\tanwe\OneDrive\Desktop\Aurora_Studio\Aurora_Engine\Sphinx\sphinxbase\src\libsphinxbase\lm\fsg_model.c(663,35): warning C4244: '=': conversion from 'double' to 'float32', possible loss of data
C:\Users\tanwe\OneDrive\Desktop\Aurora_Studio\Aurora_Engine\Sphinx\sphinxbase\src\libsphinxbase\lm\fsg_model.c(683,1): warning C4312: 'type cast': conversion from 'long' to 'void *' of greater size
C:\Users\tanwe\OneDrive\Desktop\Aurora_Studio\Aurora_Engine\Sphinx\sphinxbase\src\libsphinxbase\lm\fsg_model.c(683,1): warning C4311: 'type cast': pointer truncation from 'void *' to 'long'
C:\Users\tanwe\OneDrive\Desktop\Aurora_Studio\Aurora_Engine\Sphinx\sphinxbase\src\libsphinxbase\lm\fsg_model.c(710,61): warning C4311: 'type cast': pointer truncation from 'void *' to 'long'
C:\Users\tanwe\OneDrive\Desktop\Aurora_Studio\Aurora_Engine\Sphinx\sphinxbase\src\libsphinxbase\lm\fsg_model.c(866,71): warning C4244: 'function': conversion from 'float32' to 'int', possible loss of data
  jsgf.c
C:\Users\tanwe\OneDrive\Desktop\Aurora_Studio\Aurora_Engine\Sphinx\sphinxbase\src\libsphinxbase\lm\jsgf.c(945,32): warning C4090: 'function': different 'const' qualifiers
  jsgf_parser.c
  jsgf_scanner.c
_jsgf_scanner.l(84,36): warning C4244: '=': conversion from 'double' to 'float', possible loss of data
  Generating Code...
  Compiling...
  ngrams_raw.c
C:\Users\tanwe\OneDrive\Desktop\Aurora_Studio\Aurora_Engine\Sphinx\sphinxbase\src\libsphinxbase\lm\ngrams_raw.c(57,20): warning C4018: '<': signed/unsigned mismatch
C:\Users\tanwe\OneDrive\Desktop\Aurora_Studio\Aurora_Engine\Sphinx\sphinxbase\src\libsphinxbase\lm\ngrams_raw.c(57,42): warning C4018: '<': signed/unsigned mismatch
C:\Users\tanwe\OneDrive\Desktop\Aurora_Studio\Aurora_Engine\Sphinx\sphinxbase\src\libsphinxbase\lm\ngrams_raw.c(99,42): warning C4244: '=': conversion from 'double' to 'float32', possible loss of data
C:\Users\tanwe\OneDrive\Desktop\Aurora_Studio\Aurora_Engine\Sphinx\sphinxbase\src\libsphinxbase\lm\ngrams_raw.c(110,33): warning C4244: '=': conversion from 'double' to 'float', possible loss of data
C:\Users\tanwe\OneDrive\Desktop\Aurora_Studio\Aurora_Engine\Sphinx\sphinxbase\src\libsphinxbase\lm\ngrams_raw.c(124,46): warning C4244: '=': conversion from 'double' to 'float', possible loss of data
  lm_trie.c
C:\Users\tanwe\OneDrive\Desktop\Aurora_Studio\Aurora_Engine\Sphinx\sphinxbase\src\libsphinxbase\lm\lm_trie.c(212,27): warning C4018: '<': signed/unsigned mismatch
C:\Users\tanwe\OneDrive\Desktop\Aurora_Studio\Aurora_Engine\Sphinx\sphinxbase\src\libsphinxbase\lm\lm_trie.c(294,27): warning C4018: '<': signed/unsigned mismatch
C:\Users\tanwe\OneDrive\Desktop\Aurora_Studio\Aurora_Engine\Sphinx\sphinxbase\src\libsphinxbase\lm\lm_trie.c(299,35): warning C4018: '<': signed/unsigned mismatch
C:\Users\tanwe\OneDrive\Desktop\Aurora_Studio\Aurora_Engine\Sphinx\sphinxbase\src\libsphinxbase\lm\lm_trie.c(523,1): warning C4267: 'initializing': conversion from 'size_t' to 'uint32', possible loss of data
  lm_trie_quant.c
C:\Users\tanwe\OneDrive\Desktop\Aurora_Studio\Aurora_Engine\Sphinx\sphinxbase\src\libsphinxbase\lm\lm_trie_quant.c(78,25): warning C4244: '=': conversion from '__int64' to 'int', possible loss of data
C:\Users\tanwe\OneDrive\Desktop\Aurora_Studio\Aurora_Engine\Sphinx\sphinxbase\src\libsphinxbase\lm\lm_trie_quant.c(116,61): warning C4334: '<<': result of 32-bit shift implicitly converted to 64 bits (was 64-bit shift intended?)
C:\Users\tanwe\OneDrive\Desktop\Aurora_Studio\Aurora_Engine\Sphinx\sphinxbase\src\libsphinxbase\lm\lm_trie_quant.c(117,59): warning C4334: '<<': result of 32-bit shift implicitly converted to 64 bits (was 64-bit shift intended?)
  ngram_model.c
C:\Users\tanwe\OneDrive\Desktop\Aurora_Studio\Aurora_Engine\Sphinx\sphinxbase\src\libsphinxbase\lm\ngram_model.c(348,13): warning C4312: 'type cast': conversion from 'long' to 'void *' of greater size
C:\Users\tanwe\OneDrive\Desktop\Aurora_Studio\Aurora_Engine\Sphinx\sphinxbase\src\libsphinxbase\lm\ngram_model.c(348,13): warning C4311: 'type cast': pointer truncation from 'void *' to 'long'
C:\Users\tanwe\OneDrive\Desktop\Aurora_Studio\Aurora_Engine\Sphinx\sphinxbase\src\libsphinxbase\lm\ngram_model.c(638,1): warning C4312: 'type cast': conversion from 'long' to 'void *' of greater size
C:\Users\tanwe\OneDrive\Desktop\Aurora_Studio\Aurora_Engine\Sphinx\sphinxbase\src\libsphinxbase\lm\ngram_model.c(638,1): warning C4311: 'type cast': pointer truncation from 'void *' to 'long'
C:\Users\tanwe\OneDrive\Desktop\Aurora_Studio\Aurora_Engine\Sphinx\sphinxbase\src\libsphinxbase\lm\ngram_model.c(641,1): warning C4312: 'type cast': conversion from 'long' to 'void *' of greater size
C:\Users\tanwe\OneDrive\Desktop\Aurora_Studio\Aurora_Engine\Sphinx\sphinxbase\src\libsphinxbase\lm\ngram_model.c(980,44): warning C4244: '=': conversion from 'double' to 'float32', possible loss of data
  ngram_model_set.c
C:\Users\tanwe\OneDrive\Desktop\Aurora_Studio\Aurora_Engine\Sphinx\sphinxbase\src\libsphinxbase\lm\ngram_model_set.c(84,1): warning C4312: 'type cast': conversion from 'long' to 'void *' of greater size
C:\Users\tanwe\OneDrive\Desktop\Aurora_Studio\Aurora_Engine\Sphinx\sphinxbase\src\libsphinxbase\lm\ngram_model_set.c(84,1): warning C4311: 'type cast': pointer truncation from 'void *' to 'long'
C:\Users\tanwe\OneDrive\Desktop\Aurora_Studio\Aurora_Engine\Sphinx\sphinxbase\src\libsphinxbase\lm\ngram_model_set.c(89,16): warning C4311: 'type cast': pointer truncation from 'void *' to 'long'
C:\Users\tanwe\OneDrive\Desktop\Aurora_Studio\Aurora_Engine\Sphinx\sphinxbase\src\libsphinxbase\lm\ngram_model_set.c(112,16): warning C4312: 'type cast': conversion from 'long' to 'void *' of greater size
C:\Users\tanwe\OneDrive\Desktop\Aurora_Studio\Aurora_Engine\Sphinx\sphinxbase\src\libsphinxbase\lm\ngram_model_set.c(112,16): warning C4311: 'type cast': pointer truncation from 'void *' to 'long'
C:\Users\tanwe\OneDrive\Desktop\Aurora_Studio\Aurora_Engine\Sphinx\sphinxbase\src\libsphinxbase\lm\ngram_model_set.c(663,16): warning C4312: 'type cast': conversion from 'long' to 'void *' of greater size
C:\Users\tanwe\OneDrive\Desktop\Aurora_Studio\Aurora_Engine\Sphinx\sphinxbase\src\libsphinxbase\lm\ngram_model_set.c(663,16): warning C4311: 'type cast': pointer truncation from 'void *' to 'long'
  ngram_model_trie.c
C:\Users\tanwe\OneDrive\Desktop\Aurora_Studio\Aurora_Engine\Sphinx\sphinxbase\src\libsphinxbase\lm\ngram_model_trie.c(154,32): warning C4312: 'type cast': conversion from 'long' to 'void *' of greater size
C:\Users\tanwe\OneDrive\Desktop\Aurora_Studio\Aurora_Engine\Sphinx\sphinxbase\src\libsphinxbase\lm\ngram_model_trie.c(154,55): warning C4312: 'type cast': conversion from 'long' to 'void *' of greater size
C:\Users\tanwe\OneDrive\Desktop\Aurora_Studio\Aurora_Engine\Sphinx\sphinxbase\src\libsphinxbase\lm\ngram_model_trie.c(324,47): warning C4312: 'type cast': conversion from 'long' to 'void *' of greater size
C:\Users\tanwe\OneDrive\Desktop\Aurora_Studio\Aurora_Engine\Sphinx\sphinxbase\src\libsphinxbase\lm\ngram_model_trie.c(324,69): warning C4312: 'type cast': conversion from 'long' to 'void *' of greater size
C:\Users\tanwe\OneDrive\Desktop\Aurora_Studio\Aurora_Engine\Sphinx\sphinxbase\src\libsphinxbase\lm\ngram_model_trie.c(328,43): warning C4267: '+=': conversion from 'size_t' to 'uint32', possible loss of data
C:\Users\tanwe\OneDrive\Desktop\Aurora_Studio\Aurora_Engine\Sphinx\sphinxbase\src\libsphinxbase\lm\ngram_model_trie.c(389,44): warning C4267: '+=': conversion from 'size_t' to 'int32', possible loss of data
  bio.c
C:\Users\tanwe\OneDrive\Desktop\Aurora_Studio\Aurora_Engine\Sphinx\sphinxbase\src\libsphinxbase\util\bio.c(354,43): warning C4267: '=': conversion from 'size_t' to 'int', possible loss of data
C:\Users\tanwe\OneDrive\Desktop\Aurora_Studio\Aurora_Engine\Sphinx\sphinxbase\src\libsphinxbase\util\bio.c(359,44): warning C4267: 'return': conversion from 'size_t' to 'int32', possible loss of data
C:\Users\tanwe\OneDrive\Desktop\Aurora_Studio\Aurora_Engine\Sphinx\sphinxbase\src\libsphinxbase\util\bio.c(377,30): warning C4267: 'function': conversion from 'size_t' to 'int32', possible loss of data
C:\Users\tanwe\OneDrive\Desktop\Aurora_Studio\Aurora_Engine\Sphinx\sphinxbase\src\libsphinxbase\util\bio.c(576,31): warning C4267: 'function': conversion from 'size_t' to 'int32', possible loss of data
C:\Users\tanwe\OneDrive\Desktop\Aurora_Studio\Aurora_Engine\Sphinx\sphinxbase\src\libsphinxbase\util\bio.c(588,15): warning C4267: 'return': conversion from 'size_t' to 'int', possible loss of data
  bitarr.c
  bitvec.c
  blas_lite.c
  case.c
  ckd_alloc.c
  cmd_ln.c
C:\Users\tanwe\OneDrive\Desktop\Aurora_Studio\Aurora_Engine\Sphinx\sphinxbase\src\libsphinxbase\util\cmd_ln.c(117,33): warning C4267: '=': conversion from 'size_t' to 'int32', possible loss of data
C:\Users\tanwe\OneDrive\Desktop\Aurora_Studio\Aurora_Engine\Sphinx\sphinxbase\src\libsphinxbase\util\cmd_ln.c(122,38): warning C4267: '=': conversion from 'size_t' to 'int32', possible loss of data
C:\Users\tanwe\OneDrive\Desktop\Aurora_Studio\Aurora_Engine\Sphinx\sphinxbase\src\libsphinxbase\util\cmd_ln.c(124,33): warning C4267: '=': conversion from 'size_t' to 'int32', possible loss of data
C:\Users\tanwe\OneDrive\Desktop\Aurora_Studio\Aurora_Engine\Sphinx\sphinxbase\src\libsphinxbase\util\cmd_ln.c(151,14): warning C4090: 'function': different 'const' qualifiers
C:\Users\tanwe\OneDrive\Desktop\Aurora_Studio\Aurora_Engine\Sphinx\sphinxbase\src\libsphinxbase\util\cmd_ln.c(332,17): warning C4090: 'function': different 'const' qualifiers
  dtoa.c
  err.c
  f2c_lite.c
  filename.c
  genrand.c
  glist.c
  hash_table.c
C:\Users\tanwe\OneDrive\Desktop\Aurora_Studio\Aurora_Engine\Sphinx\sphinxbase\src\libsphinxbase\util\hash_table.c(338,33): warning C4311: 'type cast': pointer truncation from 'void *' to 'long'
C:\Users\tanwe\OneDrive\Desktop\Aurora_Studio\Aurora_Engine\Sphinx\sphinxbase\src\libsphinxbase\util\hash_table.c(374,33): warning C4311: 'type cast': pointer truncation from 'void *' to 'long'
C:\Users\tanwe\OneDrive\Desktop\Aurora_Studio\Aurora_Engine\Sphinx\sphinxbase\src\libsphinxbase\util\hash_table.c(598,63): warning C4311: 'type cast': pointer truncation from 'void *' to 'long'
C:\Users\tanwe\OneDrive\Desktop\Aurora_Studio\Aurora_Engine\Sphinx\sphinxbase\src\libsphinxbase\util\hash_table.c(609,67): warning C4311: 'type cast': pointer truncation from 'void *' to 'long'
  Generating Code...
  Compiling...
  heap.c
  listelem_alloc.c
C:\Users\tanwe\OneDrive\Desktop\Aurora_Studio\Aurora_Engine\Sphinx\sphinxbase\src\libsphinxbase\util\listelem_alloc.c(148,51): warning C4267: '=': conversion from 'size_t' to 'int32', possible loss of data
C:\Users\tanwe\OneDrive\Desktop\Aurora_Studio\Aurora_Engine\Sphinx\sphinxbase\src\libsphinxbase\util\listelem_alloc.c(214,73): warning C4267: '=': conversion from 'size_t' to 'int32', possible loss of data
C:\Users\tanwe\OneDrive\Desktop\Aurora_Studio\Aurora_Engine\Sphinx\sphinxbase\src\libsphinxbase\util\listelem_alloc.c(223,67): warning C4267: '=': conversion from 'size_t' to 'int32', possible loss of data
C:\Users\tanwe\OneDrive\Desktop\Aurora_Studio\Aurora_Engine\Sphinx\sphinxbase\src\libsphinxbase\util\listelem_alloc.c(226,74): warning C4267: '=': conversion from 'size_t' to 'int32', possible loss of data
C:\Users\tanwe\OneDrive\Desktop\Aurora_Studio\Aurora_Engine\Sphinx\sphinxbase\src\libsphinxbase\util\listelem_alloc.c(242,37): warning C4267: '=': conversion from 'size_t' to 'int32', possible loss of data
  logmath.c
C:\Users\tanwe\OneDrive\Desktop\Aurora_Studio\Aurora_Engine\Sphinx\sphinxbase\src\libsphinxbase\util\logmath.c(296,41): warning C4267: '=': conversion from 'size_t' to 'long', possible loss of data
  matrix.c
C:\Users\tanwe\OneDrive\Desktop\Aurora_Studio\Aurora_Engine\Sphinx\sphinxbase\src\libsphinxbase\util\matrix.c(71,20): warning C4244: '*=': conversion from 'float64' to 'float32', possible loss of data
  mmio.c
  pio.c
C:\Users\tanwe\OneDrive\Desktop\Aurora_Studio\Aurora_Engine\Sphinx\sphinxbase\src\libsphinxbase\util\pio.c(332,49): warning C4267: '+=': conversion from 'size_t' to 'int32', possible loss of data
C:\Users\tanwe\OneDrive\Desktop\Aurora_Studio\Aurora_Engine\Sphinx\sphinxbase\src\libsphinxbase\util\pio.c(335,45): warning C4267: '+=': conversion from 'size_t' to 'int32', possible loss of data
C:\Users\tanwe\OneDrive\Desktop\Aurora_Studio\Aurora_Engine\Sphinx\sphinxbase\src\libsphinxbase\util\pio.c(439,39): warning C4267: '+=': conversion from 'size_t' to 'int32', possible loss of data
  priority_queue.c
  profile.c
  sbthread.c
  slamch.c
  slapack_lite.c
C:\Users\tanwe\OneDrive\Desktop\Aurora_Studio\Aurora_Engine\Sphinx\sphinxbase\src\libsphinxbase\util\slapack_lite.c(1041,33): warning C4244: '=': conversion from 'doublereal' to 'real', possible loss of data
C:\Users\tanwe\OneDrive\Desktop\Aurora_Studio\Aurora_Engine\Sphinx\sphinxbase\src\libsphinxbase\util\slapack_lite.c(1046,21): warning C4244: '=': conversion from 'double' to 'real', possible loss of data
C:\Users\tanwe\OneDrive\Desktop\Aurora_Studio\Aurora_Engine\Sphinx\sphinxbase\src\libsphinxbase\util\slapack_lite.c(1074,22): warning C4244: '=': conversion from 'doublereal' to 'real', possible loss of data
C:\Users\tanwe\OneDrive\Desktop\Aurora_Studio\Aurora_Engine\Sphinx\sphinxbase\src\libsphinxbase\util\slapack_lite.c(1079,21): warning C4244: '=': conversion from 'double' to 'real', possible loss of data
  strfuncs.c
C:\Users\tanwe\OneDrive\Desktop\Aurora_Studio\Aurora_Engine\Sphinx\sphinxbase\src\libsphinxbase\util\strfuncs.c(110,1): warning C4267: 'initializing': conversion from 'size_t' to 'long', possible loss of data
C:\Users\tanwe\OneDrive\Desktop\Aurora_Studio\Aurora_Engine\Sphinx\sphinxbase\src\libsphinxbase\util\strfuncs.c(193,23): warning C4244: 'return': conversion from '__int64' to 'int32', possible loss of data
  Generating Code...
     Creating library ../../bin/Release/x64/sphinxbase.lib and object ../../bin/Release/x64/sphinxbase.exp
  sphinxbase.vcxproj -> C:\Users\tanwe\OneDrive\Desktop\Aurora_Studio\Aurora_Engine\Sphinx\sphinxbase\bin\Release\x64\sphinxbase.dll
